#
# There is insufficient memory for the Java Runtime Environment to continue.
# Native memory allocation (malloc) failed to allocate 1520752 bytes for Chunk::new
# Possible reasons:
#   The system is out of physical RAM or swap space
#   The process is running with CompressedOops enabled, and the Java Heap may be blocking the growth of the native heap
# Possible solutions:
#   Reduce memory load on the system
#   Increase physical memory or swap space
#   Check if swap backing store is full
#   Decrease Java heap size (-Xmx/-Xms)
#   Decrease number of Java threads
#   Decrease Java thread stack sizes (-Xss)
#   Set larger code cache with -XX:ReservedCodeCacheSize=
#   JVM is running with Unscaled Compressed Oops mode in which the Java heap is
#     placed in the first 4GB address space. The Java Heap base address is the
#     maximum limit for the native heap growth. Please use -XX:HeapBaseMinAddress
#     to set the Java Heap base and to place the Java Heap above 4GB virtual address.
# This output file may be truncated or incomplete.
#
#  Out of Memory Error (./open/src/hotspot/share/memory/arena.cpp:195), pid=9708, tid=2768
#
# JRE version: Java(TM) SE Runtime Environment (14.0.2+12) (build 14.0.2+12-46)
# Java VM: Java HotSpot(TM) 64-Bit Server VM (14.0.2+12-46, mixed mode, sharing, tiered, compressed oops, g1 gc, windows-amd64)
# No core dump will be written. Minidumps are not enabled by default on client versions of Windows
#

---------------  S U M M A R Y ------------

Command Line: --add-opens=java.base/java.util=ALL-UNNAMED --add-opens=java.base/java.lang=ALL-UNNAMED --add-opens=java.base/java.lang.invoke=ALL-UNNAMED --add-opens=java.prefs/java.util.prefs=ALL-UNNAMED -XX:MaxMetaspaceSize=256m -XX:+HeapDumpOnOutOfMemoryError -Xms256m -Xmx512m -Dfile.encoding=windows-1252 -Duser.country=GB -Duser.language=en -Duser.variant org.gradle.launcher.daemon.bootstrap.GradleDaemon 5.3.1

Host: Intel(R) Core(TM) i5-8250U CPU @ 1.60GHz, 8 cores, 7G,  Windows 10 , 64 bit Build 18362 (10.0.18362.959)
Time: Mon Aug 24 12:04:18 2020 GTB Summer Time elapsed time: 2 seconds (0d 0h 0m 2s)

---------------  T H R E A D  ---------------

Current thread (0x00000204fe149800):  JavaThread "C2 CompilerThread0" daemon [_thread_in_native, id=2768, stack(0x00000043c9200000,0x00000043c9300000)]


Current CompileTask:
C2:   2415 1866   !   4       java.net.URLClassLoader::findClass (47 bytes)

Stack: [0x00000043c9200000,0x00000043c9300000]
Native frames: (J=compiled Java code, j=interpreted, Vv=VM code, C=native code)
V  [jvm.dll+0x5f8a9a]
V  [jvm.dll+0x74247a]
V  [jvm.dll+0x743c2f]
V  [jvm.dll+0x744273]
V  [jvm.dll+0x20d288]
V  [jvm.dll+0xabb07]
V  [jvm.dll+0xac1fc]
V  [jvm.dll+0x31c495]
V  [jvm.dll+0x18ce00]
V  [jvm.dll+0x1e5efa]
V  [jvm.dll+0x1e50b8]
V  [jvm.dll+0x1779cc]
V  [jvm.dll+0x1f4105]
V  [jvm.dll+0x1f22eb]
V  [jvm.dll+0x7070cd]
V  [jvm.dll+0x6ffeda]
V  [jvm.dll+0x5f78f6]
C  [ucrtbase.dll+0x20e82]
C  [KERNEL32.DLL+0x17bd4]
C  [ntdll.dll+0x6ce51]


---------------  P R O C E S S  ---------------

Threads class SMR info:
_java_thread_list=0x00000204811ee380, length=27, elements={
0x00000204e09d4800, 0x00000204fe125000, 0x00000204fe126000, 0x00000204fe142000,
0x00000204fe145800, 0x00000204fe146800, 0x00000204fe149800, 0x00000204fe14e000,
0x00000204fe159000, 0x00000204febad000, 0x00000204febb1800, 0x00000204ff1c6000,
0x0000020480998000, 0x00000204805e8800, 0x000002048059f000, 0x000002048058d800,
0x000002048058e000, 0x0000020480045000, 0x0000020480045800, 0x0000020481172000,
0x000002048116f800, 0x000002048116e800, 0x000002048116d000, 0x000002048116c000,
0x000002048116d800, 0x0000020481170000, 0x0000020481799800
}

Java Threads: ( => current thread )
  0x00000204e09d4800 JavaThread "main" [_thread_blocked, id=13316, stack(0x00000043c8600000,0x00000043c8700000)]
  0x00000204fe125000 JavaThread "Reference Handler" daemon [_thread_blocked, id=10456, stack(0x00000043c8d00000,0x00000043c8e00000)]
  0x00000204fe126000 JavaThread "Finalizer" daemon [_thread_blocked, id=4248, stack(0x00000043c8e00000,0x00000043c8f00000)]
  0x00000204fe142000 JavaThread "Signal Dispatcher" daemon [_thread_blocked, id=13144, stack(0x00000043c8f00000,0x00000043c9000000)]
  0x00000204fe145800 JavaThread "Attach Listener" daemon [_thread_blocked, id=10336, stack(0x00000043c9000000,0x00000043c9100000)]
  0x00000204fe146800 JavaThread "Service Thread" daemon [_thread_blocked, id=8308, stack(0x00000043c9100000,0x00000043c9200000)]
=>0x00000204fe149800 JavaThread "C2 CompilerThread0" daemon [_thread_in_native, id=2768, stack(0x00000043c9200000,0x00000043c9300000)]
  0x00000204fe14e000 JavaThread "C1 CompilerThread0" daemon [_thread_blocked, id=12588, stack(0x00000043c9300000,0x00000043c9400000)]
  0x00000204fe159000 JavaThread "Sweeper thread" daemon [_thread_blocked, id=14280, stack(0x00000043c9400000,0x00000043c9500000)]
  0x00000204febad000 JavaThread "Common-Cleaner" daemon [_thread_in_vm_trans, id=4284, stack(0x00000043c9500000,0x00000043c9600000)]
  0x00000204febb1800 JavaThread "Notification Thread" daemon [_thread_blocked, id=1000, stack(0x00000043c9600000,0x00000043c9700000)]
  0x00000204ff1c6000 JavaThread "C2 CompilerThread1" daemon [_thread_in_native, id=2604, stack(0x00000043c9800000,0x00000043c9900000)]
  0x0000020480998000 JavaThread "Daemon health stats" [_thread_blocked, id=1584, stack(0x00000043c9f00000,0x00000043ca000000)]
  0x00000204805e8800 JavaThread "Incoming local TCP Connector on port 64956" [_thread_in_native, id=1920, stack(0x00000043c9900000,0x00000043c9a00000)]
  0x000002048059f000 JavaThread "Daemon periodic checks" [_thread_blocked, id=14108, stack(0x00000043ca000000,0x00000043ca100000)]
  0x000002048058d800 JavaThread "Daemon" [_thread_blocked, id=11860, stack(0x00000043ca100000,0x00000043ca200000)]
  0x000002048058e000 JavaThread "Handler for socket connection from /127.0.0.1:64956 to /127.0.0.1:64957" [_thread_in_native, id=3796, stack(0x00000043ca200000,0x00000043ca300000)]
  0x0000020480045000 JavaThread "Cancel handler" [_thread_blocked, id=11536, stack(0x00000043ca300000,0x00000043ca400000)]
  0x0000020480045800 JavaThread "Daemon worker" [_thread_blocked, id=7796, stack(0x00000043ca400000,0x00000043ca500000)]
  0x0000020481172000 JavaThread "Asynchronous log dispatcher for DefaultDaemonConnection: socket connection from /127.0.0.1:64956 to /127.0.0.1:64957" [_thread_blocked, id=9908, stack(0x00000043ca500000,0x00000043ca600000)]
  0x000002048116f800 JavaThread "Stdin handler" [_thread_blocked, id=1008, stack(0x00000043ca600000,0x00000043ca700000)]
  0x000002048116e800 JavaThread "Thread-8" [_thread_blocked, id=12928, stack(0x00000043ca700000,0x00000043ca800000)]
  0x000002048116d000 JavaThread "Cache worker for file hash cache (C:\Users\RAMONA\.gradle\caches\5.3.1\fileHashes)" [_thread_blocked, id=11672, stack(0x00000043ca800000,0x00000043ca900000)]
  0x000002048116c000 JavaThread "File lock request listener" [_thread_in_native, id=3036, stack(0x00000043ca900000,0x00000043caa00000)]
  0x000002048116d800 JavaThread "Cache worker for journal cache (C:\Users\RAMONA\.gradle\caches\journal-1)" [_thread_blocked, id=10852, stack(0x00000043caa00000,0x00000043cab00000)]
  0x0000020481170000 JavaThread "Cache worker for file hash cache (C:\INTELLIJ_IDEA_PROJECTS\Web Quiz Engine\.gradle\5.3.1\fileHashes)" [_thread_blocked, id=3916, stack(0x00000043cab00000,0x00000043cac00000)]
  0x0000020481799800 JavaThread "C2 CompilerThread2" daemon [_thread_in_native, id=10592, stack(0x00000043cac00000,0x00000043cad00000)]

Other Threads:
  0x00000204fe11c800 VMThread "VM Thread" [stack: 0x00000043c8c00000,0x00000043c8d00000] [id=13912]
  0x00000204febca800 WatcherThread [stack: 0x00000043c9700000,0x00000043c9800000] [id=8972]
  0x00000204e09f9000 GCTaskThread "GC Thread#0" [stack: 0x00000043c8700000,0x00000043c8800000] [id=13440]
  0x00000204ff55b000 GCTaskThread "GC Thread#1" [stack: 0x00000043c9a00000,0x00000043c9b00000] [id=11084]
  0x00000204ff55c000 GCTaskThread "GC Thread#2" [stack: 0x00000043c9b00000,0x00000043c9c00000] [id=9328]
  0x00000204801a2800 GCTaskThread "GC Thread#3" [stack: 0x00000043c9c00000,0x00000043c9d00000] [id=13736]
  0x00000204801a3800 GCTaskThread "GC Thread#4" [stack: 0x00000043c9d00000,0x00000043c9e00000] [id=12116]
  0x00000204ff539000 GCTaskThread "GC Thread#5" [stack: 0x00000043c9e00000,0x00000043c9f00000] [id=11496]
  0x0000020481c7b000 GCTaskThread "GC Thread#6" [stack: 0x00000043cad00000,0x00000043cae00000] [id=5852]
  0x000002048229e000 GCTaskThread "GC Thread#7" [stack: 0x00000043cae00000,0x00000043caf00000] [id=11924]
  0x00000204e09fe800 ConcurrentGCThread "G1 Main Marker" [stack: 0x00000043c8800000,0x00000043c8900000] [id=8736]
  0x00000204e0a00800 ConcurrentGCThread "G1 Conc#0" [stack: 0x00000043c8900000,0x00000043c8a00000] [id=7740]
  0x000002048258a000 ConcurrentGCThread "G1 Conc#1" [stack: 0x00000043caf00000,0x00000043cb000000] [id=11476]
  0x00000204fdfc6800 ConcurrentGCThread "G1 Refine#0" [stack: 0x00000043c8a00000,0x00000043c8b00000] [id=6828]
  0x00000204fdfc7800 ConcurrentGCThread "G1 Young RemSet Sampling" [stack: 0x00000043c8b00000,0x00000043c8c00000] [id=4308]

Threads with active compile tasks:
C2 CompilerThread0     2453 1866   !   4       java.net.URLClassLoader::findClass (47 bytes)
C2 CompilerThread1     2453 1974       4       java.net.URLClassLoader$1::run (5 bytes)
C2 CompilerThread2     2453 1981       4       java.io.DataInputStream::readUTF (501 bytes)

VM state:not at safepoint (normal execution)

VM Mutex/Monitor currently owned by a thread: None

Heap address: 0x00000000e0000000, size: 512 MB, Compressed Oops mode: 32-bit
Narrow klass base: 0x0000000800000000, Narrow klass shift: 3
Compressed class space size: 260046848 Address: 0x0000000800b30000

Heap:
 garbage-first heap   total 262144K, used 17595K [0x00000000e0000000, 0x0000000100000000)
  region size 1024K, 10 young (10240K), 8 survivors (8192K)
 Metaspace       used 17336K, capacity 17787K, committed 17920K, reserved 276480K
  class space    used 2546K, capacity 2726K, committed 2816K, reserved 253952K
Heap Regions: E=young(eden), S=young(survivor), O=old, HS=humongous(starts), HC=humongous(continues), CS=collection set, F=free, OA=open archive, CA=closed archive, TAMS=top-at-mark-start (previous, next)
|   0|0x00000000e0000000, 0x00000000e0100000, 0x00000000e0100000|100%| O|  |TAMS 0x00000000e0100000, 0x00000000e0000000| Untracked 
|   1|0x00000000e0100000, 0x00000000e0200000, 0x00000000e0200000|100%| O|  |TAMS 0x00000000e0200000, 0x00000000e0100000| Untracked 
|   2|0x00000000e0200000, 0x00000000e0300000, 0x00000000e0300000|100%|HS|  |TAMS 0x00000000e0300000, 0x00000000e0200000| Complete 
|   3|0x00000000e0300000, 0x00000000e0400000, 0x00000000e0400000|100%|HS|  |TAMS 0x00000000e0400000, 0x00000000e0300000| Complete 
|   4|0x00000000e0400000, 0x00000000e0500000, 0x00000000e0500000|100%|HC|  |TAMS 0x00000000e0500000, 0x00000000e0400000| Complete 
|   5|0x00000000e0500000, 0x00000000e0600000, 0x00000000e0600000|100%| O|  |TAMS 0x00000000e0600000, 0x00000000e0500000| Untracked 
|   6|0x00000000e0600000, 0x00000000e0700000, 0x00000000e0700000|100%| O|  |TAMS 0x00000000e0700000, 0x00000000e0600000| Untracked 
|   7|0x00000000e0700000, 0x00000000e0800000, 0x00000000e0800000|100%| O|  |TAMS 0x00000000e0800000, 0x00000000e0700000| Untracked 
|   8|0x00000000e0800000, 0x00000000e0844a00, 0x00000000e0900000| 26%| O|  |TAMS 0x00000000e0844a00, 0x00000000e0800000| Untracked 
|   9|0x00000000e0900000, 0x00000000e0900000, 0x00000000e0a00000|  0%| F|  |TAMS 0x00000000e0900000, 0x00000000e0900000| Untracked 
|  10|0x00000000e0a00000, 0x00000000e0a00000, 0x00000000e0b00000|  0%| F|  |TAMS 0x00000000e0a00000, 0x00000000e0a00000| Untracked 
|  11|0x00000000e0b00000, 0x00000000e0b00000, 0x00000000e0c00000|  0%| F|  |TAMS 0x00000000e0b00000, 0x00000000e0b00000| Untracked 
|  12|0x00000000e0c00000, 0x00000000e0c00000, 0x00000000e0d00000|  0%| F|  |TAMS 0x00000000e0c00000, 0x00000000e0c00000| Untracked 
|  13|0x00000000e0d00000, 0x00000000e0d00000, 0x00000000e0e00000|  0%| F|  |TAMS 0x00000000e0d00000, 0x00000000e0d00000| Untracked 
|  14|0x00000000e0e00000, 0x00000000e0e00000, 0x00000000e0f00000|  0%| F|  |TAMS 0x00000000e0e00000, 0x00000000e0e00000| Untracked 
|  15|0x00000000e0f00000, 0x00000000e0f00000, 0x00000000e1000000|  0%| F|  |TAMS 0x00000000e0f00000, 0x00000000e0f00000| Untracked 
|  16|0x00000000e1000000, 0x00000000e1000000, 0x00000000e1100000|  0%| F|  |TAMS 0x00000000e1000000, 0x00000000e1000000| Untracked 
|  17|0x00000000e1100000, 0x00000000e1100000, 0x00000000e1200000|  0%| F|  |TAMS 0x00000000e1100000, 0x00000000e1100000| Untracked 
|  18|0x00000000e1200000, 0x00000000e1200000, 0x00000000e1300000|  0%| F|  |TAMS 0x00000000e1200000, 0x00000000e1200000| Untracked 
|  19|0x00000000e1300000, 0x00000000e1300000, 0x00000000e1400000|  0%| F|  |TAMS 0x00000000e1300000, 0x00000000e1300000| Untracked 
|  20|0x00000000e1400000, 0x00000000e1400000, 0x00000000e1500000|  0%| F|  |TAMS 0x00000000e1400000, 0x00000000e1400000| Untracked 
|  21|0x00000000e1500000, 0x00000000e1500000, 0x00000000e1600000|  0%| F|  |TAMS 0x00000000e1500000, 0x00000000e1500000| Untracked 
|  22|0x00000000e1600000, 0x00000000e1600000, 0x00000000e1700000|  0%| F|  |TAMS 0x00000000e1600000, 0x00000000e1600000| Untracked 
|  23|0x00000000e1700000, 0x00000000e1700000, 0x00000000e1800000|  0%| F|  |TAMS 0x00000000e1700000, 0x00000000e1700000| Untracked 
|  24|0x00000000e1800000, 0x00000000e1800000, 0x00000000e1900000|  0%| F|  |TAMS 0x00000000e1800000, 0x00000000e1800000| Untracked 
|  25|0x00000000e1900000, 0x00000000e1900000, 0x00000000e1a00000|  0%| F|  |TAMS 0x00000000e1900000, 0x00000000e1900000| Untracked 
|  26|0x00000000e1a00000, 0x00000000e1a00000, 0x00000000e1b00000|  0%| F|  |TAMS 0x00000000e1a00000, 0x00000000e1a00000| Untracked 
|  27|0x00000000e1b00000, 0x00000000e1b00000, 0x00000000e1c00000|  0%| F|  |TAMS 0x00000000e1b00000, 0x00000000e1b00000| Untracked 
|  28|0x00000000e1c00000, 0x00000000e1c00000, 0x00000000e1d00000|  0%| F|  |TAMS 0x00000000e1c00000, 0x00000000e1c00000| Untracked 
|  29|0x00000000e1d00000, 0x00000000e1d00000, 0x00000000e1e00000|  0%| F|  |TAMS 0x00000000e1d00000, 0x00000000e1d00000| Untracked 
|  30|0x00000000e1e00000, 0x00000000e1e00000, 0x00000000e1f00000|  0%| F|  |TAMS 0x00000000e1e00000, 0x00000000e1e00000| Untracked 
|  31|0x00000000e1f00000, 0x00000000e1f00000, 0x00000000e2000000|  0%| F|  |TAMS 0x00000000e1f00000, 0x00000000e1f00000| Untracked 
|  32|0x00000000e2000000, 0x00000000e2000000, 0x00000000e2100000|  0%| F|  |TAMS 0x00000000e2000000, 0x00000000e2000000| Untracked 
|  33|0x00000000e2100000, 0x00000000e2100000, 0x00000000e2200000|  0%| F|  |TAMS 0x00000000e2100000, 0x00000000e2100000| Untracked 
|  34|0x00000000e2200000, 0x00000000e2200000, 0x00000000e2300000|  0%| F|  |TAMS 0x00000000e2200000, 0x00000000e2200000| Untracked 
|  35|0x00000000e2300000, 0x00000000e2300000, 0x00000000e2400000|  0%| F|  |TAMS 0x00000000e2300000, 0x00000000e2300000| Untracked 
|  36|0x00000000e2400000, 0x00000000e2400000, 0x00000000e2500000|  0%| F|  |TAMS 0x00000000e2400000, 0x00000000e2400000| Untracked 
|  37|0x00000000e2500000, 0x00000000e2500000, 0x00000000e2600000|  0%| F|  |TAMS 0x00000000e2500000, 0x00000000e2500000| Untracked 
|  38|0x00000000e2600000, 0x00000000e2600000, 0x00000000e2700000|  0%| F|  |TAMS 0x00000000e2600000, 0x00000000e2600000| Untracked 
|  39|0x00000000e2700000, 0x00000000e2700000, 0x00000000e2800000|  0%| F|  |TAMS 0x00000000e2700000, 0x00000000e2700000| Untracked 
|  40|0x00000000e2800000, 0x00000000e2800000, 0x00000000e2900000|  0%| F|  |TAMS 0x00000000e2800000, 0x00000000e2800000| Untracked 
|  41|0x00000000e2900000, 0x00000000e2900000, 0x00000000e2a00000|  0%| F|  |TAMS 0x00000000e2900000, 0x00000000e2900000| Untracked 
|  42|0x00000000e2a00000, 0x00000000e2a00000, 0x00000000e2b00000|  0%| F|  |TAMS 0x00000000e2a00000, 0x00000000e2a00000| Untracked 
|  43|0x00000000e2b00000, 0x00000000e2b00000, 0x00000000e2c00000|  0%| F|  |TAMS 0x00000000e2b00000, 0x00000000e2b00000| Untracked 
|  44|0x00000000e2c00000, 0x00000000e2c00000, 0x00000000e2d00000|  0%| F|  |TAMS 0x00000000e2c00000, 0x00000000e2c00000| Untracked 
|  45|0x00000000e2d00000, 0x00000000e2d00000, 0x00000000e2e00000|  0%| F|  |TAMS 0x00000000e2d00000, 0x00000000e2d00000| Untracked 
|  46|0x00000000e2e00000, 0x00000000e2e00000, 0x00000000e2f00000|  0%| F|  |TAMS 0x00000000e2e00000, 0x00000000e2e00000| Untracked 
|  47|0x00000000e2f00000, 0x00000000e2f00000, 0x00000000e3000000|  0%| F|  |TAMS 0x00000000e2f00000, 0x00000000e2f00000| Untracked 
|  48|0x00000000e3000000, 0x00000000e3000000, 0x00000000e3100000|  0%| F|  |TAMS 0x00000000e3000000, 0x00000000e3000000| Untracked 
|  49|0x00000000e3100000, 0x00000000e3100000, 0x00000000e3200000|  0%| F|  |TAMS 0x00000000e3100000, 0x00000000e3100000| Untracked 
|  50|0x00000000e3200000, 0x00000000e3200000, 0x00000000e3300000|  0%| F|  |TAMS 0x00000000e3200000, 0x00000000e3200000| Untracked 
|  51|0x00000000e3300000, 0x00000000e3300000, 0x00000000e3400000|  0%| F|  |TAMS 0x00000000e3300000, 0x00000000e3300000| Untracked 
|  52|0x00000000e3400000, 0x00000000e3400000, 0x00000000e3500000|  0%| F|  |TAMS 0x00000000e3400000, 0x00000000e3400000| Untracked 
|  53|0x00000000e3500000, 0x00000000e3500000, 0x00000000e3600000|  0%| F|  |TAMS 0x00000000e3500000, 0x00000000e3500000| Untracked 
|  54|0x00000000e3600000, 0x00000000e3600000, 0x00000000e3700000|  0%| F|  |TAMS 0x00000000e3600000, 0x00000000e3600000| Untracked 
|  55|0x00000000e3700000, 0x00000000e3700000, 0x00000000e3800000|  0%| F|  |TAMS 0x00000000e3700000, 0x00000000e3700000| Untracked 
|  56|0x00000000e3800000, 0x00000000e3800000, 0x00000000e3900000|  0%| F|  |TAMS 0x00000000e3800000, 0x00000000e3800000| Untracked 
|  57|0x00000000e3900000, 0x00000000e3900000, 0x00000000e3a00000|  0%| F|  |TAMS 0x00000000e3900000, 0x00000000e3900000| Untracked 
|  58|0x00000000e3a00000, 0x00000000e3a00000, 0x00000000e3b00000|  0%| F|  |TAMS 0x00000000e3a00000, 0x00000000e3a00000| Untracked 
|  59|0x00000000e3b00000, 0x00000000e3b00000, 0x00000000e3c00000|  0%| F|  |TAMS 0x00000000e3b00000, 0x00000000e3b00000| Untracked 
|  60|0x00000000e3c00000, 0x00000000e3c00000, 0x00000000e3d00000|  0%| F|  |TAMS 0x00000000e3c00000, 0x00000000e3c00000| Untracked 
|  61|0x00000000e3d00000, 0x00000000e3d00000, 0x00000000e3e00000|  0%| F|  |TAMS 0x00000000e3d00000, 0x00000000e3d00000| Untracked 
|  62|0x00000000e3e00000, 0x00000000e3e00000, 0x00000000e3f00000|  0%| F|  |TAMS 0x00000000e3e00000, 0x00000000e3e00000| Untracked 
|  63|0x00000000e3f00000, 0x00000000e3f00000, 0x00000000e4000000|  0%| F|  |TAMS 0x00000000e3f00000, 0x00000000e3f00000| Untracked 
|  64|0x00000000e4000000, 0x00000000e4000000, 0x00000000e4100000|  0%| F|  |TAMS 0x00000000e4000000, 0x00000000e4000000| Untracked 
|  65|0x00000000e4100000, 0x00000000e4100000, 0x00000000e4200000|  0%| F|  |TAMS 0x00000000e4100000, 0x00000000e4100000| Untracked 
|  66|0x00000000e4200000, 0x00000000e4200000, 0x00000000e4300000|  0%| F|  |TAMS 0x00000000e4200000, 0x00000000e4200000| Untracked 
|  67|0x00000000e4300000, 0x00000000e4300000, 0x00000000e4400000|  0%| F|  |TAMS 0x00000000e4300000, 0x00000000e4300000| Untracked 
|  68|0x00000000e4400000, 0x00000000e4400000, 0x00000000e4500000|  0%| F|  |TAMS 0x00000000e4400000, 0x00000000e4400000| Untracked 
|  69|0x00000000e4500000, 0x00000000e4500000, 0x00000000e4600000|  0%| F|  |TAMS 0x00000000e4500000, 0x00000000e4500000| Untracked 
|  70|0x00000000e4600000, 0x00000000e4600000, 0x00000000e4700000|  0%| F|  |TAMS 0x00000000e4600000, 0x00000000e4600000| Untracked 
|  71|0x00000000e4700000, 0x00000000e4700000, 0x00000000e4800000|  0%| F|  |TAMS 0x00000000e4700000, 0x00000000e4700000| Untracked 
|  72|0x00000000e4800000, 0x00000000e4800000, 0x00000000e4900000|  0%| F|  |TAMS 0x00000000e4800000, 0x00000000e4800000| Untracked 
|  73|0x00000000e4900000, 0x00000000e4900000, 0x00000000e4a00000|  0%| F|  |TAMS 0x00000000e4900000, 0x00000000e4900000| Untracked 
|  74|0x00000000e4a00000, 0x00000000e4a00000, 0x00000000e4b00000|  0%| F|  |TAMS 0x00000000e4a00000, 0x00000000e4a00000| Untracked 
|  75|0x00000000e4b00000, 0x00000000e4b00000, 0x00000000e4c00000|  0%| F|  |TAMS 0x00000000e4b00000, 0x00000000e4b00000| Untracked 
|  76|0x00000000e4c00000, 0x00000000e4c00000, 0x00000000e4d00000|  0%| F|  |TAMS 0x00000000e4c00000, 0x00000000e4c00000| Untracked 
|  77|0x00000000e4d00000, 0x00000000e4d00000, 0x00000000e4e00000|  0%| F|  |TAMS 0x00000000e4d00000, 0x00000000e4d00000| Untracked 
|  78|0x00000000e4e00000, 0x00000000e4e00000, 0x00000000e4f00000|  0%| F|  |TAMS 0x00000000e4e00000, 0x00000000e4e00000| Untracked 
|  79|0x00000000e4f00000, 0x00000000e4f00000, 0x00000000e5000000|  0%| F|  |TAMS 0x00000000e4f00000, 0x00000000e4f00000| Untracked 
|  80|0x00000000e5000000, 0x00000000e5000000, 0x00000000e5100000|  0%| F|  |TAMS 0x00000000e5000000, 0x00000000e5000000| Untracked 
|  81|0x00000000e5100000, 0x00000000e5100000, 0x00000000e5200000|  0%| F|  |TAMS 0x00000000e5100000, 0x00000000e5100000| Untracked 
|  82|0x00000000e5200000, 0x00000000e5200000, 0x00000000e5300000|  0%| F|  |TAMS 0x00000000e5200000, 0x00000000e5200000| Untracked 
|  83|0x00000000e5300000, 0x00000000e5300000, 0x00000000e5400000|  0%| F|  |TAMS 0x00000000e5300000, 0x00000000e5300000| Untracked 
|  84|0x00000000e5400000, 0x00000000e5400000, 0x00000000e5500000|  0%| F|  |TAMS 0x00000000e5400000, 0x00000000e5400000| Untracked 
|  85|0x00000000e5500000, 0x00000000e5500000, 0x00000000e5600000|  0%| F|  |TAMS 0x00000000e5500000, 0x00000000e5500000| Untracked 
|  86|0x00000000e5600000, 0x00000000e5600000, 0x00000000e5700000|  0%| F|  |TAMS 0x00000000e5600000, 0x00000000e5600000| Untracked 
|  87|0x00000000e5700000, 0x00000000e5700000, 0x00000000e5800000|  0%| F|  |TAMS 0x00000000e5700000, 0x00000000e5700000| Untracked 
|  88|0x00000000e5800000, 0x00000000e5800000, 0x00000000e5900000|  0%| F|  |TAMS 0x00000000e5800000, 0x00000000e5800000| Untracked 
|  89|0x00000000e5900000, 0x00000000e5900000, 0x00000000e5a00000|  0%| F|  |TAMS 0x00000000e5900000, 0x00000000e5900000| Untracked 
|  90|0x00000000e5a00000, 0x00000000e5a00000, 0x00000000e5b00000|  0%| F|  |TAMS 0x00000000e5a00000, 0x00000000e5a00000| Untracked 
|  91|0x00000000e5b00000, 0x00000000e5b00000, 0x00000000e5c00000|  0%| F|  |TAMS 0x00000000e5b00000, 0x00000000e5b00000| Untracked 
|  92|0x00000000e5c00000, 0x00000000e5c00000, 0x00000000e5d00000|  0%| F|  |TAMS 0x00000000e5c00000, 0x00000000e5c00000| Untracked 
|  93|0x00000000e5d00000, 0x00000000e5d00000, 0x00000000e5e00000|  0%| F|  |TAMS 0x00000000e5d00000, 0x00000000e5d00000| Untracked 
|  94|0x00000000e5e00000, 0x00000000e5e00000, 0x00000000e5f00000|  0%| F|  |TAMS 0x00000000e5e00000, 0x00000000e5e00000| Untracked 
|  95|0x00000000e5f00000, 0x00000000e5f00000, 0x00000000e6000000|  0%| F|  |TAMS 0x00000000e5f00000, 0x00000000e5f00000| Untracked 
|  96|0x00000000e6000000, 0x00000000e6000000, 0x00000000e6100000|  0%| F|  |TAMS 0x00000000e6000000, 0x00000000e6000000| Untracked 
|  97|0x00000000e6100000, 0x00000000e6100000, 0x00000000e6200000|  0%| F|  |TAMS 0x00000000e6100000, 0x00000000e6100000| Untracked 
|  98|0x00000000e6200000, 0x00000000e6200000, 0x00000000e6300000|  0%| F|  |TAMS 0x00000000e6200000, 0x00000000e6200000| Untracked 
|  99|0x00000000e6300000, 0x00000000e6300000, 0x00000000e6400000|  0%| F|  |TAMS 0x00000000e6300000, 0x00000000e6300000| Untracked 
| 100|0x00000000e6400000, 0x00000000e6400000, 0x00000000e6500000|  0%| F|  |TAMS 0x00000000e6400000, 0x00000000e6400000| Untracked 
| 101|0x00000000e6500000, 0x00000000e6500000, 0x00000000e6600000|  0%| F|  |TAMS 0x00000000e6500000, 0x00000000e6500000| Untracked 
| 102|0x00000000e6600000, 0x00000000e6600000, 0x00000000e6700000|  0%| F|  |TAMS 0x00000000e6600000, 0x00000000e6600000| Untracked 
| 103|0x00000000e6700000, 0x00000000e6700000, 0x00000000e6800000|  0%| F|  |TAMS 0x00000000e6700000, 0x00000000e6700000| Untracked 
| 104|0x00000000e6800000, 0x00000000e6800000, 0x00000000e6900000|  0%| F|  |TAMS 0x00000000e6800000, 0x00000000e6800000| Untracked 
| 105|0x00000000e6900000, 0x00000000e6900000, 0x00000000e6a00000|  0%| F|  |TAMS 0x00000000e6900000, 0x00000000e6900000| Untracked 
| 106|0x00000000e6a00000, 0x00000000e6a00000, 0x00000000e6b00000|  0%| F|  |TAMS 0x00000000e6a00000, 0x00000000e6a00000| Untracked 
| 107|0x00000000e6b00000, 0x00000000e6b00000, 0x00000000e6c00000|  0%| F|  |TAMS 0x00000000e6b00000, 0x00000000e6b00000| Untracked 
| 108|0x00000000e6c00000, 0x00000000e6c00000, 0x00000000e6d00000|  0%| F|  |TAMS 0x00000000e6c00000, 0x00000000e6c00000| Untracked 
| 109|0x00000000e6d00000, 0x00000000e6d00000, 0x00000000e6e00000|  0%| F|  |TAMS 0x00000000e6d00000, 0x00000000e6d00000| Untracked 
| 110|0x00000000e6e00000, 0x00000000e6e00000, 0x00000000e6f00000|  0%| F|  |TAMS 0x00000000e6e00000, 0x00000000e6e00000| Untracked 
| 111|0x00000000e6f00000, 0x00000000e6f00000, 0x00000000e7000000|  0%| F|  |TAMS 0x00000000e6f00000, 0x00000000e6f00000| Untracked 
| 112|0x00000000e7000000, 0x00000000e7000000, 0x00000000e7100000|  0%| F|  |TAMS 0x00000000e7000000, 0x00000000e7000000| Untracked 
| 113|0x00000000e7100000, 0x00000000e7100000, 0x00000000e7200000|  0%| F|  |TAMS 0x00000000e7100000, 0x00000000e7100000| Untracked 
| 114|0x00000000e7200000, 0x00000000e7200000, 0x00000000e7300000|  0%| F|  |TAMS 0x00000000e7200000, 0x00000000e7200000| Untracked 
| 115|0x00000000e7300000, 0x00000000e7300000, 0x00000000e7400000|  0%| F|  |TAMS 0x00000000e7300000, 0x00000000e7300000| Untracked 
| 116|0x00000000e7400000, 0x00000000e7400000, 0x00000000e7500000|  0%| F|  |TAMS 0x00000000e7400000, 0x00000000e7400000| Untracked 
| 117|0x00000000e7500000, 0x00000000e7500000, 0x00000000e7600000|  0%| F|  |TAMS 0x00000000e7500000, 0x00000000e7500000| Untracked 
| 118|0x00000000e7600000, 0x00000000e7600000, 0x00000000e7700000|  0%| F|  |TAMS 0x00000000e7600000, 0x00000000e7600000| Untracked 
| 119|0x00000000e7700000, 0x00000000e7700000, 0x00000000e7800000|  0%| F|  |TAMS 0x00000000e7700000, 0x00000000e7700000| Untracked 
| 120|0x00000000e7800000, 0x00000000e7800000, 0x00000000e7900000|  0%| F|  |TAMS 0x00000000e7800000, 0x00000000e7800000| Untracked 
| 121|0x00000000e7900000, 0x00000000e7900000, 0x00000000e7a00000|  0%| F|  |TAMS 0x00000000e7900000, 0x00000000e7900000| Untracked 
| 122|0x00000000e7a00000, 0x00000000e7a00000, 0x00000000e7b00000|  0%| F|  |TAMS 0x00000000e7a00000, 0x00000000e7a00000| Untracked 
| 123|0x00000000e7b00000, 0x00000000e7b00000, 0x00000000e7c00000|  0%| F|  |TAMS 0x00000000e7b00000, 0x00000000e7b00000| Untracked 
| 124|0x00000000e7c00000, 0x00000000e7c00000, 0x00000000e7d00000|  0%| F|  |TAMS 0x00000000e7c00000, 0x00000000e7c00000| Untracked 
| 125|0x00000000e7d00000, 0x00000000e7d00000, 0x00000000e7e00000|  0%| F|  |TAMS 0x00000000e7d00000, 0x00000000e7d00000| Untracked 
| 126|0x00000000e7e00000, 0x00000000e7e00000, 0x00000000e7f00000|  0%| F|  |TAMS 0x00000000e7e00000, 0x00000000e7e00000| Untracked 
| 127|0x00000000e7f00000, 0x00000000e7f00000, 0x00000000e8000000|  0%| F|  |TAMS 0x00000000e7f00000, 0x00000000e7f00000| Untracked 
| 128|0x00000000e8000000, 0x00000000e8000000, 0x00000000e8100000|  0%| F|  |TAMS 0x00000000e8000000, 0x00000000e8000000| Untracked 
| 129|0x00000000e8100000, 0x00000000e8100000, 0x00000000e8200000|  0%| F|  |TAMS 0x00000000e8100000, 0x00000000e8100000| Untracked 
| 130|0x00000000e8200000, 0x00000000e8200000, 0x00000000e8300000|  0%| F|  |TAMS 0x00000000e8200000, 0x00000000e8200000| Untracked 
| 131|0x00000000e8300000, 0x00000000e8300000, 0x00000000e8400000|  0%| F|  |TAMS 0x00000000e8300000, 0x00000000e8300000| Untracked 
| 132|0x00000000e8400000, 0x00000000e8400000, 0x00000000e8500000|  0%| F|  |TAMS 0x00000000e8400000, 0x00000000e8400000| Untracked 
| 133|0x00000000e8500000, 0x00000000e8500000, 0x00000000e8600000|  0%| F|  |TAMS 0x00000000e8500000, 0x00000000e8500000| Untracked 
| 134|0x00000000e8600000, 0x00000000e8600000, 0x00000000e8700000|  0%| F|  |TAMS 0x00000000e8600000, 0x00000000e8600000| Untracked 
| 135|0x00000000e8700000, 0x00000000e8700000, 0x00000000e8800000|  0%| F|  |TAMS 0x00000000e8700000, 0x00000000e8700000| Untracked 
| 136|0x00000000e8800000, 0x00000000e8800000, 0x00000000e8900000|  0%| F|  |TAMS 0x00000000e8800000, 0x00000000e8800000| Untracked 
| 137|0x00000000e8900000, 0x00000000e8900000, 0x00000000e8a00000|  0%| F|  |TAMS 0x00000000e8900000, 0x00000000e8900000| Untracked 
| 138|0x00000000e8a00000, 0x00000000e8a00000, 0x00000000e8b00000|  0%| F|  |TAMS 0x00000000e8a00000, 0x00000000e8a00000| Untracked 
| 139|0x00000000e8b00000, 0x00000000e8b00000, 0x00000000e8c00000|  0%| F|  |TAMS 0x00000000e8b00000, 0x00000000e8b00000| Untracked 
| 140|0x00000000e8c00000, 0x00000000e8c00000, 0x00000000e8d00000|  0%| F|  |TAMS 0x00000000e8c00000, 0x00000000e8c00000| Untracked 
| 141|0x00000000e8d00000, 0x00000000e8d00000, 0x00000000e8e00000|  0%| F|  |TAMS 0x00000000e8d00000, 0x00000000e8d00000| Untracked 
| 142|0x00000000e8e00000, 0x00000000e8e00000, 0x00000000e8f00000|  0%| F|  |TAMS 0x00000000e8e00000, 0x00000000e8e00000| Untracked 
| 143|0x00000000e8f00000, 0x00000000e8f00000, 0x00000000e9000000|  0%| F|  |TAMS 0x00000000e8f00000, 0x00000000e8f00000| Untracked 
| 144|0x00000000e9000000, 0x00000000e9000000, 0x00000000e9100000|  0%| F|  |TAMS 0x00000000e9000000, 0x00000000e9000000| Untracked 
| 145|0x00000000e9100000, 0x00000000e9100000, 0x00000000e9200000|  0%| F|  |TAMS 0x00000000e9100000, 0x00000000e9100000| Untracked 
| 146|0x00000000e9200000, 0x00000000e9200000, 0x00000000e9300000|  0%| F|  |TAMS 0x00000000e9200000, 0x00000000e9200000| Untracked 
| 147|0x00000000e9300000, 0x00000000e9300000, 0x00000000e9400000|  0%| F|  |TAMS 0x00000000e9300000, 0x00000000e9300000| Untracked 
| 148|0x00000000e9400000, 0x00000000e9400000, 0x00000000e9500000|  0%| F|  |TAMS 0x00000000e9400000, 0x00000000e9400000| Untracked 
| 149|0x00000000e9500000, 0x00000000e9500000, 0x00000000e9600000|  0%| F|  |TAMS 0x00000000e9500000, 0x00000000e9500000| Untracked 
| 150|0x00000000e9600000, 0x00000000e9600000, 0x00000000e9700000|  0%| F|  |TAMS 0x00000000e9600000, 0x00000000e9600000| Untracked 
| 151|0x00000000e9700000, 0x00000000e9700000, 0x00000000e9800000|  0%| F|  |TAMS 0x00000000e9700000, 0x00000000e9700000| Untracked 
| 152|0x00000000e9800000, 0x00000000e9800000, 0x00000000e9900000|  0%| F|  |TAMS 0x00000000e9800000, 0x00000000e9800000| Untracked 
| 153|0x00000000e9900000, 0x00000000e9900000, 0x00000000e9a00000|  0%| F|  |TAMS 0x00000000e9900000, 0x00000000e9900000| Untracked 
| 154|0x00000000e9a00000, 0x00000000e9a00000, 0x00000000e9b00000|  0%| F|  |TAMS 0x00000000e9a00000, 0x00000000e9a00000| Untracked 
| 155|0x00000000e9b00000, 0x00000000e9b00000, 0x00000000e9c00000|  0%| F|  |TAMS 0x00000000e9b00000, 0x00000000e9b00000| Untracked 
| 156|0x00000000e9c00000, 0x00000000e9c00000, 0x00000000e9d00000|  0%| F|  |TAMS 0x00000000e9c00000, 0x00000000e9c00000| Untracked 
| 157|0x00000000e9d00000, 0x00000000e9d00000, 0x00000000e9e00000|  0%| F|  |TAMS 0x00000000e9d00000, 0x00000000e9d00000| Untracked 
| 158|0x00000000e9e00000, 0x00000000e9e00000, 0x00000000e9f00000|  0%| F|  |TAMS 0x00000000e9e00000, 0x00000000e9e00000| Untracked 
| 159|0x00000000e9f00000, 0x00000000e9f00000, 0x00000000ea000000|  0%| F|  |TAMS 0x00000000e9f00000, 0x00000000e9f00000| Untracked 
| 160|0x00000000ea000000, 0x00000000ea000000, 0x00000000ea100000|  0%| F|  |TAMS 0x00000000ea000000, 0x00000000ea000000| Untracked 
| 161|0x00000000ea100000, 0x00000000ea100000, 0x00000000ea200000|  0%| F|  |TAMS 0x00000000ea100000, 0x00000000ea100000| Untracked 
| 162|0x00000000ea200000, 0x00000000ea200000, 0x00000000ea300000|  0%| F|  |TAMS 0x00000000ea200000, 0x00000000ea200000| Untracked 
| 163|0x00000000ea300000, 0x00000000ea300000, 0x00000000ea400000|  0%| F|  |TAMS 0x00000000ea300000, 0x00000000ea300000| Untracked 
| 164|0x00000000ea400000, 0x00000000ea400000, 0x00000000ea500000|  0%| F|  |TAMS 0x00000000ea400000, 0x00000000ea400000| Untracked 
| 165|0x00000000ea500000, 0x00000000ea500000, 0x00000000ea600000|  0%| F|  |TAMS 0x00000000ea500000, 0x00000000ea500000| Untracked 
| 166|0x00000000ea600000, 0x00000000ea600000, 0x00000000ea700000|  0%| F|  |TAMS 0x00000000ea600000, 0x00000000ea600000| Untracked 
| 167|0x00000000ea700000, 0x00000000ea700000, 0x00000000ea800000|  0%| F|  |TAMS 0x00000000ea700000, 0x00000000ea700000| Untracked 
| 168|0x00000000ea800000, 0x00000000ea800000, 0x00000000ea900000|  0%| F|  |TAMS 0x00000000ea800000, 0x00000000ea800000| Untracked 
| 169|0x00000000ea900000, 0x00000000ea900000, 0x00000000eaa00000|  0%| F|  |TAMS 0x00000000ea900000, 0x00000000ea900000| Untracked 
| 170|0x00000000eaa00000, 0x00000000eaa00000, 0x00000000eab00000|  0%| F|  |TAMS 0x00000000eaa00000, 0x00000000eaa00000| Untracked 
| 171|0x00000000eab00000, 0x00000000eab00000, 0x00000000eac00000|  0%| F|  |TAMS 0x00000000eab00000, 0x00000000eab00000| Untracked 
| 172|0x00000000eac00000, 0x00000000eac00000, 0x00000000ead00000|  0%| F|  |TAMS 0x00000000eac00000, 0x00000000eac00000| Untracked 
| 173|0x00000000ead00000, 0x00000000ead00000, 0x00000000eae00000|  0%| F|  |TAMS 0x00000000ead00000, 0x00000000ead00000| Untracked 
| 174|0x00000000eae00000, 0x00000000eaeea2c8, 0x00000000eaf00000| 91%| S|CS|TAMS 0x00000000eae00000, 0x00000000eae00000| Complete 
| 175|0x00000000eaf00000, 0x00000000eb000000, 0x00000000eb000000|100%| S|CS|TAMS 0x00000000eaf00000, 0x00000000eaf00000| Complete 
| 176|0x00000000eb000000, 0x00000000eb100000, 0x00000000eb100000|100%| S|CS|TAMS 0x00000000eb000000, 0x00000000eb000000| Complete 
| 177|0x00000000eb100000, 0x00000000eb200000, 0x00000000eb200000|100%| S|CS|TAMS 0x00000000eb100000, 0x00000000eb100000| Complete 
| 178|0x00000000eb200000, 0x00000000eb300000, 0x00000000eb300000|100%| S|CS|TAMS 0x00000000eb200000, 0x00000000eb200000| Complete 
| 179|0x00000000eb300000, 0x00000000eb400000, 0x00000000eb400000|100%| S|CS|TAMS 0x00000000eb300000, 0x00000000eb300000| Complete 
| 180|0x00000000eb400000, 0x00000000eb500000, 0x00000000eb500000|100%| S|CS|TAMS 0x00000000eb400000, 0x00000000eb400000| Complete 
| 181|0x00000000eb500000, 0x00000000eb600000, 0x00000000eb600000|100%| S|CS|TAMS 0x00000000eb500000, 0x00000000eb500000| Complete 
| 182|0x00000000eb600000, 0x00000000eb600000, 0x00000000eb700000|  0%| F|  |TAMS 0x00000000eb600000, 0x00000000eb600000| Untracked 
| 183|0x00000000eb700000, 0x00000000eb700000, 0x00000000eb800000|  0%| F|  |TAMS 0x00000000eb700000, 0x00000000eb700000| Untracked 
| 184|0x00000000eb800000, 0x00000000eb800000, 0x00000000eb900000|  0%| F|  |TAMS 0x00000000eb800000, 0x00000000eb800000| Untracked 
| 185|0x00000000eb900000, 0x00000000eb900000, 0x00000000eba00000|  0%| F|  |TAMS 0x00000000eb900000, 0x00000000eb900000| Untracked 
| 186|0x00000000eba00000, 0x00000000eba00000, 0x00000000ebb00000|  0%| F|  |TAMS 0x00000000eba00000, 0x00000000eba00000| Untracked 
| 187|0x00000000ebb00000, 0x00000000ebb00000, 0x00000000ebc00000|  0%| F|  |TAMS 0x00000000ebb00000, 0x00000000ebb00000| Untracked 
| 188|0x00000000ebc00000, 0x00000000ebc00000, 0x00000000ebd00000|  0%| F|  |TAMS 0x00000000ebc00000, 0x00000000ebc00000| Untracked 
| 189|0x00000000ebd00000, 0x00000000ebd00000, 0x00000000ebe00000|  0%| F|  |TAMS 0x00000000ebd00000, 0x00000000ebd00000| Untracked 
| 190|0x00000000ebe00000, 0x00000000ebe00000, 0x00000000ebf00000|  0%| F|  |TAMS 0x00000000ebe00000, 0x00000000ebe00000| Untracked 
| 191|0x00000000ebf00000, 0x00000000ebf00000, 0x00000000ec000000|  0%| F|  |TAMS 0x00000000ebf00000, 0x00000000ebf00000| Untracked 
| 192|0x00000000ec000000, 0x00000000ec000000, 0x00000000ec100000|  0%| F|  |TAMS 0x00000000ec000000, 0x00000000ec000000| Untracked 
| 193|0x00000000ec100000, 0x00000000ec100000, 0x00000000ec200000|  0%| F|  |TAMS 0x00000000ec100000, 0x00000000ec100000| Untracked 
| 194|0x00000000ec200000, 0x00000000ec200000, 0x00000000ec300000|  0%| F|  |TAMS 0x00000000ec200000, 0x00000000ec200000| Untracked 
| 195|0x00000000ec300000, 0x00000000ec300000, 0x00000000ec400000|  0%| F|  |TAMS 0x00000000ec300000, 0x00000000ec300000| Untracked 
| 196|0x00000000ec400000, 0x00000000ec400000, 0x00000000ec500000|  0%| F|  |TAMS 0x00000000ec400000, 0x00000000ec400000| Untracked 
| 197|0x00000000ec500000, 0x00000000ec500000, 0x00000000ec600000|  0%| F|  |TAMS 0x00000000ec500000, 0x00000000ec500000| Untracked 
| 198|0x00000000ec600000, 0x00000000ec600000, 0x00000000ec700000|  0%| F|  |TAMS 0x00000000ec600000, 0x00000000ec600000| Untracked 
| 199|0x00000000ec700000, 0x00000000ec700000, 0x00000000ec800000|  0%| F|  |TAMS 0x00000000ec700000, 0x00000000ec700000| Untracked 
| 200|0x00000000ec800000, 0x00000000ec800000, 0x00000000ec900000|  0%| F|  |TAMS 0x00000000ec800000, 0x00000000ec800000| Untracked 
| 201|0x00000000ec900000, 0x00000000ec900000, 0x00000000eca00000|  0%| F|  |TAMS 0x00000000ec900000, 0x00000000ec900000| Untracked 
| 202|0x00000000eca00000, 0x00000000eca00000, 0x00000000ecb00000|  0%| F|  |TAMS 0x00000000eca00000, 0x00000000eca00000| Untracked 
| 203|0x00000000ecb00000, 0x00000000ecb00000, 0x00000000ecc00000|  0%| F|  |TAMS 0x00000000ecb00000, 0x00000000ecb00000| Untracked 
| 204|0x00000000ecc00000, 0x00000000ecc00000, 0x00000000ecd00000|  0%| F|  |TAMS 0x00000000ecc00000, 0x00000000ecc00000| Untracked 
| 205|0x00000000ecd00000, 0x00000000ecd00000, 0x00000000ece00000|  0%| F|  |TAMS 0x00000000ecd00000, 0x00000000ecd00000| Untracked 
| 206|0x00000000ece00000, 0x00000000ece00000, 0x00000000ecf00000|  0%| F|  |TAMS 0x00000000ece00000, 0x00000000ece00000| Untracked 
| 207|0x00000000ecf00000, 0x00000000ecf00000, 0x00000000ed000000|  0%| F|  |TAMS 0x00000000ecf00000, 0x00000000ecf00000| Untracked 
| 208|0x00000000ed000000, 0x00000000ed000000, 0x00000000ed100000|  0%| F|  |TAMS 0x00000000ed000000, 0x00000000ed000000| Untracked 
| 209|0x00000000ed100000, 0x00000000ed100000, 0x00000000ed200000|  0%| F|  |TAMS 0x00000000ed100000, 0x00000000ed100000| Untracked 
| 210|0x00000000ed200000, 0x00000000ed200000, 0x00000000ed300000|  0%| F|  |TAMS 0x00000000ed200000, 0x00000000ed200000| Untracked 
| 211|0x00000000ed300000, 0x00000000ed300000, 0x00000000ed400000|  0%| F|  |TAMS 0x00000000ed300000, 0x00000000ed300000| Untracked 
| 212|0x00000000ed400000, 0x00000000ed400000, 0x00000000ed500000|  0%| F|  |TAMS 0x00000000ed400000, 0x00000000ed400000| Untracked 
| 213|0x00000000ed500000, 0x00000000ed500000, 0x00000000ed600000|  0%| F|  |TAMS 0x00000000ed500000, 0x00000000ed500000| Untracked 
| 214|0x00000000ed600000, 0x00000000ed600000, 0x00000000ed700000|  0%| F|  |TAMS 0x00000000ed600000, 0x00000000ed600000| Untracked 
| 215|0x00000000ed700000, 0x00000000ed700000, 0x00000000ed800000|  0%| F|  |TAMS 0x00000000ed700000, 0x00000000ed700000| Untracked 
| 216|0x00000000ed800000, 0x00000000ed800000, 0x00000000ed900000|  0%| F|  |TAMS 0x00000000ed800000, 0x00000000ed800000| Untracked 
| 217|0x00000000ed900000, 0x00000000ed900000, 0x00000000eda00000|  0%| F|  |TAMS 0x00000000ed900000, 0x00000000ed900000| Untracked 
| 218|0x00000000eda00000, 0x00000000eda00000, 0x00000000edb00000|  0%| F|  |TAMS 0x00000000eda00000, 0x00000000eda00000| Untracked 
| 219|0x00000000edb00000, 0x00000000edb00000, 0x00000000edc00000|  0%| F|  |TAMS 0x00000000edb00000, 0x00000000edb00000| Untracked 
| 220|0x00000000edc00000, 0x00000000edc00000, 0x00000000edd00000|  0%| F|  |TAMS 0x00000000edc00000, 0x00000000edc00000| Untracked 
| 221|0x00000000edd00000, 0x00000000edd00000, 0x00000000ede00000|  0%| F|  |TAMS 0x00000000edd00000, 0x00000000edd00000| Untracked 
| 222|0x00000000ede00000, 0x00000000ede00000, 0x00000000edf00000|  0%| F|  |TAMS 0x00000000ede00000, 0x00000000ede00000| Untracked 
| 223|0x00000000edf00000, 0x00000000edf00000, 0x00000000ee000000|  0%| F|  |TAMS 0x00000000edf00000, 0x00000000edf00000| Untracked 
| 224|0x00000000ee000000, 0x00000000ee000000, 0x00000000ee100000|  0%| F|  |TAMS 0x00000000ee000000, 0x00000000ee000000| Untracked 
| 225|0x00000000ee100000, 0x00000000ee100000, 0x00000000ee200000|  0%| F|  |TAMS 0x00000000ee100000, 0x00000000ee100000| Untracked 
| 226|0x00000000ee200000, 0x00000000ee200000, 0x00000000ee300000|  0%| F|  |TAMS 0x00000000ee200000, 0x00000000ee200000| Untracked 
| 227|0x00000000ee300000, 0x00000000ee300000, 0x00000000ee400000|  0%| F|  |TAMS 0x00000000ee300000, 0x00000000ee300000| Untracked 
| 228|0x00000000ee400000, 0x00000000ee400000, 0x00000000ee500000|  0%| F|  |TAMS 0x00000000ee400000, 0x00000000ee400000| Untracked 
| 229|0x00000000ee500000, 0x00000000ee500000, 0x00000000ee600000|  0%| F|  |TAMS 0x00000000ee500000, 0x00000000ee500000| Untracked 
| 230|0x00000000ee600000, 0x00000000ee600000, 0x00000000ee700000|  0%| F|  |TAMS 0x00000000ee600000, 0x00000000ee600000| Untracked 
| 231|0x00000000ee700000, 0x00000000ee700000, 0x00000000ee800000|  0%| F|  |TAMS 0x00000000ee700000, 0x00000000ee700000| Untracked 
| 232|0x00000000ee800000, 0x00000000ee800000, 0x00000000ee900000|  0%| F|  |TAMS 0x00000000ee800000, 0x00000000ee800000| Untracked 
| 233|0x00000000ee900000, 0x00000000ee900000, 0x00000000eea00000|  0%| F|  |TAMS 0x00000000ee900000, 0x00000000ee900000| Untracked 
| 234|0x00000000eea00000, 0x00000000eea00000, 0x00000000eeb00000|  0%| F|  |TAMS 0x00000000eea00000, 0x00000000eea00000| Untracked 
| 235|0x00000000eeb00000, 0x00000000eeb00000, 0x00000000eec00000|  0%| F|  |TAMS 0x00000000eeb00000, 0x00000000eeb00000| Untracked 
| 236|0x00000000eec00000, 0x00000000eec00000, 0x00000000eed00000|  0%| F|  |TAMS 0x00000000eec00000, 0x00000000eec00000| Untracked 
| 237|0x00000000eed00000, 0x00000000eed00000, 0x00000000eee00000|  0%| F|  |TAMS 0x00000000eed00000, 0x00000000eed00000| Untracked 
| 238|0x00000000eee00000, 0x00000000eee00000, 0x00000000eef00000|  0%| F|  |TAMS 0x00000000eee00000, 0x00000000eee00000| Untracked 
| 239|0x00000000eef00000, 0x00000000eef00000, 0x00000000ef000000|  0%| F|  |TAMS 0x00000000eef00000, 0x00000000eef00000| Untracked 
| 240|0x00000000ef000000, 0x00000000ef000000, 0x00000000ef100000|  0%| F|  |TAMS 0x00000000ef000000, 0x00000000ef000000| Untracked 
| 241|0x00000000ef100000, 0x00000000ef100000, 0x00000000ef200000|  0%| F|  |TAMS 0x00000000ef100000, 0x00000000ef100000| Untracked 
| 242|0x00000000ef200000, 0x00000000ef200000, 0x00000000ef300000|  0%| F|  |TAMS 0x00000000ef200000, 0x00000000ef200000| Untracked 
| 243|0x00000000ef300000, 0x00000000ef300000, 0x00000000ef400000|  0%| F|  |TAMS 0x00000000ef300000, 0x00000000ef300000| Untracked 
| 244|0x00000000ef400000, 0x00000000ef400000, 0x00000000ef500000|  0%| F|  |TAMS 0x00000000ef400000, 0x00000000ef400000| Untracked 
| 245|0x00000000ef500000, 0x00000000ef500000, 0x00000000ef600000|  0%| F|  |TAMS 0x00000000ef500000, 0x00000000ef500000| Untracked 
| 246|0x00000000ef600000, 0x00000000ef600000, 0x00000000ef700000|  0%| F|  |TAMS 0x00000000ef600000, 0x00000000ef600000| Untracked 
| 247|0x00000000ef700000, 0x00000000ef700000, 0x00000000ef800000|  0%| F|  |TAMS 0x00000000ef700000, 0x00000000ef700000| Untracked 
| 248|0x00000000ef800000, 0x00000000ef800000, 0x00000000ef900000|  0%| F|  |TAMS 0x00000000ef800000, 0x00000000ef800000| Untracked 
| 249|0x00000000ef900000, 0x00000000ef900000, 0x00000000efa00000|  0%| F|  |TAMS 0x00000000ef900000, 0x00000000ef900000| Untracked 
| 250|0x00000000efa00000, 0x00000000efa00000, 0x00000000efb00000|  0%| F|  |TAMS 0x00000000efa00000, 0x00000000efa00000| Untracked 
| 251|0x00000000efb00000, 0x00000000efb00000, 0x00000000efc00000|  0%| F|  |TAMS 0x00000000efb00000, 0x00000000efb00000| Untracked 
| 252|0x00000000efc00000, 0x00000000efc00000, 0x00000000efd00000|  0%| F|  |TAMS 0x00000000efc00000, 0x00000000efc00000| Untracked 
| 253|0x00000000efd00000, 0x00000000efd00000, 0x00000000efe00000|  0%| F|  |TAMS 0x00000000efd00000, 0x00000000efd00000| Untracked 
| 254|0x00000000efe00000, 0x00000000efe7d158, 0x00000000eff00000| 48%| E|  |TAMS 0x00000000efe00000, 0x00000000efe00000| Complete 
| 255|0x00000000eff00000, 0x00000000f0000000, 0x00000000f0000000|100%| E|CS|TAMS 0x00000000eff00000, 0x00000000eff00000| Complete 

Card table byte_map: [0x00000204fa4f0000,0x00000204fa5f0000] _byte_map_base: 0x00000204f9df0000

Marking Bits (Prev, Next): (CMBitMap*) 0x00000204e09f9d08, (CMBitMap*) 0x00000204e09f9cc8
 Prev Bits: [0x00000204faef0000, 0x00000204fb6f0000)
 Next Bits: [0x00000204fa6f0000, 0x00000204faef0000)

Polling page: 0x00000204e0aa0000

Metaspace:

Usage:
  Non-class:     14.71 MB capacity,    14.47 MB ( 98%) used,   215.48 KB (  1%) free+waste,    27.44 KB ( <1%) overhead. 
      Class:      2.66 MB capacity,     2.50 MB ( 94%) used,   151.13 KB (  6%) free+waste,    15.19 KB ( <1%) overhead. 
       Both:     17.37 MB capacity,    16.97 MB ( 98%) used,   366.60 KB (  2%) free+waste,    42.63 KB ( <1%) overhead. 

Virtual space:
  Non-class space:       22.00 MB reserved,      15.00 MB ( 68%) committed 
      Class space:      248.00 MB reserved,       2.75 MB (  1%) committed 
             Both:      270.00 MB reserved,      17.75 MB (  7%) committed 

Chunk freelists:
   Non-Class:  43.00 KB
       Class:  26.00 KB
        Both:  69.00 KB

MaxMetaspaceSize: 256.00 MB
CompressedClassSpaceSize: 248.00 MB

CodeHeap 'non-profiled nmethods': size=120000Kb used=984Kb max_used=984Kb free=119015Kb
 bounds [0x00000204f2450000, 0x00000204f26c0000, 0x00000204f9980000]
CodeHeap 'profiled nmethods': size=120000Kb used=4253Kb max_used=4253Kb free=115747Kb
 bounds [0x00000204eaf20000, 0x00000204eb350000, 0x00000204f2450000]
CodeHeap 'non-nmethods': size=5760Kb used=1235Kb max_used=1259Kb free=4524Kb
 bounds [0x00000204ea980000, 0x00000204eabf0000, 0x00000204eaf20000]
 total_blobs=2543 nmethods=2040 adapters=415
 compilation: enabled
              stopped_count=0, restarted_count=0
 full_count=0

Compilation events (20 events):
Event: 2.410 Thread 0x00000204fe14e000 nmethod 2000 0x00000204eb32d990 code [0x00000204eb32dc00, 0x00000204eb32e738]
Event: 2.410 Thread 0x00000204fe14e000 1997       3       org.gradle.internal.logging.text.AbstractStyledTextOutput::style (20 bytes)
Event: 2.410 Thread 0x00000204fe14e000 nmethod 1997 0x00000204eb32eb90 code [0x00000204eb32ed40, 0x00000204eb32efc8]
Event: 2.410 Thread 0x00000204fe14e000 1998       3       org.gradle.internal.dispatch.ReflectionDispatch::dispatch (9 bytes)
Event: 2.410 Thread 0x00000204fe14e000 nmethod 1998 0x00000204eb32f090 code [0x00000204eb32f240, 0x00000204eb32f4a8]
Event: 2.410 Thread 0x00000204fe14e000 1999   !   3       org.gradle.internal.dispatch.ReflectionDispatch::dispatch (42 bytes)
Event: 2.411 Thread 0x00000204fe14e000 nmethod 1999 0x00000204eb32f590 code [0x00000204eb32f820, 0x00000204eb3303f8]
Event: 2.411 Thread 0x00000204fe14e000 2004       3       sun.nio.cs.SingleByte::withResult (25 bytes)
Event: 2.411 Thread 0x00000204fe14e000 nmethod 2004 0x00000204eb330a10 code [0x00000204eb330be0, 0x00000204eb331038]
Event: 2.411 Thread 0x00000204fe14e000 2003       1       java.util.Collections$SingletonList::size (2 bytes)
Event: 2.411 Thread 0x00000204fe14e000 nmethod 2003 0x00000204f253fa10 code [0x00000204f253fba0, 0x00000204f253fc78]
Event: 2.411 Thread 0x00000204fe14e000 2005       3       org.gradle.internal.io.StreamByteBuffer::hasRemaining (17 bytes)
Event: 2.411 Thread 0x00000204fe14e000 nmethod 2005 0x00000204eb331190 code [0x00000204eb331340, 0x00000204eb3315b8]
Event: 2.411 Thread 0x00000204fe14e000 2006       3       org.gradle.internal.logging.events.OutputEvent::<init> (5 bytes)
Event: 2.411 Thread 0x00000204fe14e000 nmethod 2006 0x00000204eb331690 code [0x00000204eb331820, 0x00000204eb331998]
Event: 2.411 Thread 0x00000204fe14e000 2007       3       org.gradle.internal.logging.sink.LogEventDispatcher::dispatch (12 bytes)
Event: 2.412 Thread 0x00000204fe14e000 nmethod 2007 0x00000204eb331a90 code [0x00000204eb331c40, 0x00000204eb331e68]
Event: 2.412 Thread 0x00000204fe14e000 2008       3       org.gradle.internal.logging.sink.LogEventDispatcher::onOutput (60 bytes)
Event: 2.412 Thread 0x00000204fe14e000 nmethod 2008 0x00000204eb331f10 code [0x00000204eb332140, 0x00000204eb332ad8]
Event: 2.412 Thread 0x00000204fe14e000 2010       3       sun.nio.cs.SingleByte$Decoder::decodeArrayLoop (154 bytes)

GC Heap History (4 events):
Event: 0.655 GC heap before
{Heap before GC invocations=0 (full 0):
 garbage-first heap   total 262144K, used 27648K [0x00000000e0000000, 0x0000000100000000)
  region size 1024K, 23 young (23552K), 0 survivors (0K)
 Metaspace       used 3825K, capacity 6515K, committed 6656K, reserved 262144K
  class space    used 499K, capacity 766K, committed 768K, reserved 253952K
}
Event: 0.662 GC heap after
{Heap after GC invocations=1 (full 0):
 garbage-first heap   total 262144K, used 7778K [0x00000000e0000000, 0x0000000100000000)
  region size 1024K, 3 young (3072K), 3 survivors (3072K)
 Metaspace       used 3825K, capacity 6515K, committed 6656K, reserved 262144K
  class space    used 499K, capacity 766K, committed 768K, reserved 253952K
}
Event: 1.194 GC heap before
{Heap before GC invocations=1 (full 0):
 garbage-first heap   total 262144K, used 36450K [0x00000000e0000000, 0x0000000100000000)
  region size 1024K, 31 young (31744K), 3 survivors (3072K)
 Metaspace       used 4923K, capacity 7370K, committed 7680K, reserved 262144K
  class space    used 679K, capacity 945K, committed 1024K, reserved 253952K
}
Event: 1.198 GC heap after
{Heap after GC invocations=2 (full 0):
 garbage-first heap   total 262144K, used 12562K [0x00000000e0000000, 0x0000000100000000)
  region size 1024K, 4 young (4096K), 4 survivors (4096K)
 Metaspace       used 4923K, capacity 7370K, committed 7680K, reserved 262144K
  class space    used 679K, capacity 945K, committed 1024K, reserved 253952K
}

Deoptimization events (20 events):
Event: 2.218 Thread 0x0000020480045800 Uncommon trap: trap_request=0xffffffc6 fr.pc=0x00000204f24b58b4 relative=0x0000000000000094
Event: 2.218 Thread 0x0000020480045800 Uncommon trap: reason=bimorphic_or_optimized_type_check action=maybe_recompile pc=0x00000204f24b58b4 method=java.util.AbstractList$Itr.hasNext()Z @ 8 c2
Event: 2.218 Thread 0x0000020480045800 DEOPT PACKING pc=0x00000204f24b58b4 sp=0x00000043ca4fb820
Event: 2.218 Thread 0x0000020480045800 DEOPT UNPACKING pc=0x00000204ea9c912f sp=0x00000043ca4fb7b8 mode 2
Event: 2.218 Thread 0x0000020480045800 Uncommon trap: trap_request=0xffffffc6 fr.pc=0x00000204f24b5de0 relative=0x00000000000001e0
Event: 2.218 Thread 0x0000020480045800 Uncommon trap: reason=bimorphic_or_optimized_type_check action=maybe_recompile pc=0x00000204f24b5de0 method=java.util.AbstractList$Itr.next()Ljava/lang/Object; @ 14 c2
Event: 2.218 Thread 0x0000020480045800 DEOPT PACKING pc=0x00000204f24b5de0 sp=0x00000043ca4fb810
Event: 2.218 Thread 0x0000020480045800 DEOPT UNPACKING pc=0x00000204ea9c912f sp=0x00000043ca4fb7a8 mode 2
Event: 2.219 Thread 0x0000020480045800 Uncommon trap: trap_request=0xffffff45 fr.pc=0x00000204f24b05e4 relative=0x0000000000000644
Event: 2.219 Thread 0x0000020480045800 Uncommon trap: reason=unstable_if action=reinterpret pc=0x00000204f24b05e4 method=java.io.File.getName()Ljava/lang/String; @ 16 c2
Event: 2.219 Thread 0x0000020480045800 DEOPT PACKING pc=0x00000204f24b05e4 sp=0x00000043ca4fc4c0
Event: 2.219 Thread 0x0000020480045800 DEOPT UNPACKING pc=0x00000204ea9c912f sp=0x00000043ca4fc490 mode 2
Event: 2.252 Thread 0x0000020480045800 Uncommon trap: trap_request=0xffffff45 fr.pc=0x00000204f246b388 relative=0x0000000000000048
Event: 2.252 Thread 0x0000020480045800 Uncommon trap: reason=unstable_if action=reinterpret pc=0x00000204f246b388 method=java.net.URI.match(CJJ)Z @ 19 c2
Event: 2.252 Thread 0x0000020480045800 DEOPT PACKING pc=0x00000204f246b388 sp=0x00000043ca4fb620
Event: 2.252 Thread 0x0000020480045800 DEOPT UNPACKING pc=0x00000204ea9c912f sp=0x00000043ca4fb5a8 mode 2
Event: 2.252 Thread 0x0000020480045800 Uncommon trap: trap_request=0xffffff45 fr.pc=0x00000204f2494224 relative=0x0000000000000224
Event: 2.252 Thread 0x0000020480045800 Uncommon trap: reason=unstable_if action=reinterpret pc=0x00000204f2494224 method=java.net.URI.match(CJJ)Z @ 19 c2
Event: 2.252 Thread 0x0000020480045800 DEOPT PACKING pc=0x00000204f2494224 sp=0x00000043ca4fb510
Event: 2.252 Thread 0x0000020480045800 DEOPT UNPACKING pc=0x00000204ea9c912f sp=0x00000043ca4fb410 mode 2

Classes unloaded (0 events):
No events

Classes redefined (0 events):
No events

Internal exceptions (20 events):
Event: 1.571 Thread 0x0000020480045800 Exception <a 'java/lang/NoSuchMethodError'{0x00000000ef2029f0}: 'void java.lang.invoke.DirectMethodHandle$Holder.invokeVirtual(java.lang.Object, java.lang.Object, java.lang.Object, java.lang.Object)'> (0x00000000ef2029f0) 
thrown [./open/src/hotspot/share/interpreter/linkResolver.cpp, line 766]
Event: 1.572 Thread 0x0000020480045800 Exception <a 'java/lang/NoSuchMethodError'{0x00000000ef20c5d0}: 'void java.lang.invoke.DirectMethodHandle$Holder.invokeSpecial(java.lang.Object, java.lang.Object, java.lang.Object, java.lang.Object, java.lang.Object)'> (0x00000000ef20c5d0) 
thrown [./open/src/hotspot/share/interpreter/linkResolver.cpp, line 766]
Event: 1.572 Thread 0x0000020480045800 Exception <a 'java/lang/NoSuchMethodError'{0x00000000ef20fa20}: 'void java.lang.invoke.DelegatingMethodHandle$Holder.reinvoke_L(java.lang.Object, java.lang.Object, java.lang.Object, java.lang.Object)'> (0x00000000ef20fa20) 
thrown [./open/src/hotspot/share/interpreter/linkResolver.cpp, line 766]
Event: 1.573 Thread 0x0000020480045800 Exception <a 'java/lang/NoSuchMethodError'{0x00000000ef214e38}: 'java.lang.Object java.lang.invoke.Invokers$Holder.invoker(java.lang.Object, java.lang.Object, java.lang.Object, java.lang.Object)'> (0x00000000ef214e38) 
thrown [./open/src/hotspot/share/interpreter/linkResolver.cpp, line 766]
Event: 1.575 Thread 0x0000020480045800 Exception <a 'java/lang/NoSuchMethodError'{0x00000000ef230be0}: 'void java.lang.invoke.DirectMethodHandle$Holder.invokeVirtual(java.lang.Object, java.lang.Object, java.lang.Object, java.lang.Object, java.lang.Object, java.lang.Object)'> (0x00000000ef230be0) 
thrown [./open/src/hotspot/share/interpreter/linkResolver.cpp, line 766]
Event: 1.577 Thread 0x0000020480045800 Exception <a 'java/lang/NoSuchMethodError'{0x00000000ef2522c0}: 'void java.lang.invoke.DelegatingMethodHandle$Holder.reinvoke_L(java.lang.Object, java.lang.Object, java.lang.Object, java.lang.Object, java.lang.Object, java.lang.Object)'> (0x00000000ef2522c0) 
thrown [./open/src/hotspot/share/interpreter/linkResolver.cpp, line 766]
Event: 1.577 Thread 0x0000020480045800 Exception <a 'java/lang/NoSuchMethodError'{0x00000000ef258090}: 'java.lang.Object java.lang.invoke.Invokers$Holder.invoker(java.lang.Object, java.lang.Object, java.lang.Object, java.lang.Object, java.lang.Object, java.lang.Object)'> (0x00000000ef258090) 
thrown [./open/src/hotspot/share/interpreter/linkResolver.cpp, line 766]
Event: 1.652 Thread 0x0000020480045800 Exception <a 'java/lang/NoSuchMethodError'{0x00000000eeea22d0}: 'java.lang.Object java.lang.invoke.DirectMethodHandle$Holder.invokeVirtual(java.lang.Object, java.lang.Object, java.lang.Object)'> (0x00000000eeea22d0) 
thrown [./open/src/hotspot/share/interpreter/linkResolver.cpp, line 766]
Event: 1.690 Thread 0x0000020480045800 Exception <a 'java/lang/NoSuchMethodError'{0x00000000eeb5d250}: 'java.lang.Object java.lang.invoke.Invokers$Holder.invoker(java.lang.Object, java.lang.Object, java.lang.Object)'> (0x00000000eeb5d250) 
thrown [./open/src/hotspot/share/interpreter/linkResolver.cpp, line 766]
Event: 1.876 Thread 0x0000020480045800 Exception <a 'java/lang/NoSuchMethodError'{0x00000000edbae758}: 'java.lang.Object java.lang.invoke.DirectMethodHandle$Holder.invokeVirtual(java.lang.Object, java.lang.Object, java.lang.Object, java.lang.Object)'> (0x00000000edbae758) 
thrown [./open/src/hotspot/share/interpreter/linkResolver.cpp, line 766]
Event: 2.160 Thread 0x0000020480045800 Exception <a 'java/lang/NoSuchMethodError'{0x00000000ec67fb40}: 'java.lang.Object java.lang.invoke.DirectMethodHandle$Holder.invokeVirtual(java.lang.Object, java.lang.Object, java.lang.Object, java.lang.Object, java.lang.Object, java.lang.Object, java.lang.Object, java.lang.Object, java.lang.Object)'> (0x00000000ec67fb40) 
thrown [./open/src/hotspot/share/interpreter/linkResolver.cpp, line 766]
Event: 2.397 Thread 0x0000020480045800 Exception <a 'org/codehaus/groovy/GroovyBugError'{0x00000000eb7136b8}> (0x00000000eb7136b8) 
thrown [./open/src/hotspot/share/oops/instanceKlass.cpp, line 1083]
Event: 2.397 Thread 0x0000020480045800 Exception <a 'org/codehaus/groovy/GroovyBugError'{0x00000000eb7136b8}> (0x00000000eb7136b8) 
thrown [./open/src/hotspot/share/oops/instanceKlass.cpp, line 1037]
Event: 2.397 Thread 0x0000020480045800 Exception <a 'org/codehaus/groovy/GroovyBugError'{0x00000000eb7136b8}> (0x00000000eb7136b8) 
thrown [./open/src/hotspot/share/oops/instanceKlass.cpp, line 1037]
Event: 2.397 Thread 0x0000020480045800 Exception <a 'java/lang/NoClassDefFoundError'{0x00000000eb714710}: Could not initialize class org.codehaus.groovy.vmplugin.v8.Java8> (0x00000000eb714710) 
thrown [./open/src/hotspot/share/oops/instanceKlass.cpp, line 1001]
Event: 2.397 Thread 0x0000020480045800 Exception <a 'java/lang/NoClassDefFoundError'{0x00000000eb7154e8}: Could not initialize class org.codehaus.groovy.vmplugin.v7.Java7> (0x00000000eb7154e8) 
thrown [./open/src/hotspot/share/oops/instanceKlass.cpp, line 1001]
Event: 2.397 Thread 0x0000020480045800 Exception <a 'java/lang/NoClassDefFoundError'{0x00000000eb7154e8}> (0x00000000eb7154e8) 
thrown [./open/src/hotspot/share/oops/instanceKlass.cpp, line 1083]
Event: 2.397 Thread 0x0000020480045800 Exception <a 'java/lang/NoClassDefFoundError'{0x00000000eb7154e8}> (0x00000000eb7154e8) 
thrown [./open/src/hotspot/share/oops/instanceKlass.cpp, line 1083]
Event: 2.397 Thread 0x0000020480045800 Exception <a 'java/lang/NoClassDefFoundError'{0x00000000eb7154e8}> (0x00000000eb7154e8) 
thrown [./open/src/hotspot/share/oops/instanceKlass.cpp, line 1083]
Event: 2.397 Thread 0x0000020480045800 Exception <a 'java/lang/NoClassDefFoundError'{0x00000000eb7154e8}> (0x00000000eb7154e8) 
thrown [./open/src/hotspot/share/oops/instanceKlass.cpp, line 1083]

Events (20 events):
Event: 2.367 loading class java/util/zip/ZipFile$ZipEntryIterator
Event: 2.367 loading class java/util/zip/ZipFile$ZipEntryIterator done
Event: 2.368 loading class java/util/BitSet
Event: 2.368 loading class java/util/BitSet done
Event: 2.372 loading class java/util/TimerTask
Event: 2.372 loading class java/util/TimerTask done
Event: 2.372 loading class java/util/Timer
Event: 2.372 loading class java/util/Timer done
Event: 2.372 loading class java/lang/Process
Event: 2.373 loading class java/lang/Process done
Event: 2.384 loading class java/lang/reflect/MalformedParameterizedTypeException
Event: 2.384 loading class java/lang/reflect/MalformedParameterizedTypeException done
Event: 2.397 loading class java/lang/Throwable$WrappedPrintStream
Event: 2.397 loading class java/lang/Throwable$PrintStreamOrWriter
Event: 2.397 loading class java/lang/Throwable$PrintStreamOrWriter done
Event: 2.397 loading class java/lang/Throwable$WrappedPrintStream done
Event: 2.400 loading class java/nio/charset/CharacterCodingException
Event: 2.400 loading class java/nio/charset/CharacterCodingException done
Event: 2.404 loading class java/lang/StackTraceElement$HashedModules
Event: 2.404 loading class java/lang/StackTraceElement$HashedModules done


Dynamic libraries:
0x00007ff788a10000 - 0x00007ff788a1f000 	C:\Program Files\Java\jdk-14.0.2\bin\java.exe
0x00007fff45e00000 - 0x00007fff45ff0000 	C:\WINDOWS\SYSTEM32\ntdll.dll
0x00007fff456b0000 - 0x00007fff45762000 	C:\WINDOWS\System32\KERNEL32.DLL
0x00007fff43290000 - 0x00007fff43534000 	C:\WINDOWS\System32\KERNELBASE.dll
0x00007fff435c0000 - 0x00007fff436ba000 	C:\WINDOWS\System32\ucrtbase.dll
0x00007fff2b8c0000 - 0x00007fff2b8d5000 	C:\Program Files\Java\jdk-14.0.2\bin\VCRUNTIME140.dll
0x00007fff2e080000 - 0x00007fff2e098000 	C:\Program Files\Java\jdk-14.0.2\bin\jli.dll
0x00007fff45bf0000 - 0x00007fff45c93000 	C:\WINDOWS\System32\ADVAPI32.dll
0x00007fff45610000 - 0x00007fff456ae000 	C:\WINDOWS\System32\msvcrt.dll
0x00007fff443e0000 - 0x00007fff44477000 	C:\WINDOWS\System32\sechost.dll
0x00007fff45ca0000 - 0x00007fff45dc0000 	C:\WINDOWS\System32\RPCRT4.dll
0x00007fff440c0000 - 0x00007fff44255000 	C:\WINDOWS\System32\USER32.dll
0x00007fff42e20000 - 0x00007fff42e41000 	C:\WINDOWS\System32\win32u.dll
0x00007fff330c0000 - 0x00007fff33344000 	C:\WINDOWS\WinSxS\amd64_microsoft.windows.common-controls_6595b64144ccf1df_6.0.18362.1016_none_9e7a36bbe461dae4\COMCTL32.dll
0x00007fff44090000 - 0x00007fff440b6000 	C:\WINDOWS\System32\GDI32.dll
0x00007fff44830000 - 0x00007fff44b65000 	C:\WINDOWS\System32\combase.dll
0x00007fff430d0000 - 0x00007fff43266000 	C:\WINDOWS\System32\gdi32full.dll
0x00007fff43540000 - 0x00007fff435c0000 	C:\WINDOWS\System32\bcryptPrimitives.dll
0x00007fff42d80000 - 0x00007fff42e1e000 	C:\WINDOWS\System32\msvcp_win.dll
0x00007fff3c2a0000 - 0x00007fff3c2aa000 	C:\WINDOWS\SYSTEM32\VERSION.dll
0x00007fff44060000 - 0x00007fff4408e000 	C:\WINDOWS\System32\IMM32.DLL
0x00007fff24550000 - 0x00007fff245eb000 	C:\Program Files\Java\jdk-14.0.2\bin\msvcp140.dll
0x00007fff0a230000 - 0x00007fff0ad4e000 	C:\Program Files\Java\jdk-14.0.2\bin\server\jvm.dll
0x00007fff45be0000 - 0x00007fff45be8000 	C:\WINDOWS\System32\PSAPI.DLL
0x00007fff3f950000 - 0x00007fff3f974000 	C:\WINDOWS\SYSTEM32\WINMM.dll
0x00007fff2d2b0000 - 0x00007fff2d2b9000 	C:\WINDOWS\SYSTEM32\WSOCK32.dll
0x00007fff444e0000 - 0x00007fff4454f000 	C:\WINDOWS\System32\WS2_32.dll
0x00007fff3f920000 - 0x00007fff3f94d000 	C:\WINDOWS\SYSTEM32\winmmbase.dll
0x00007fff42fa0000 - 0x00007fff42fea000 	C:\WINDOWS\System32\cfgmgr32.dll
0x00007fff42cc0000 - 0x00007fff42cd1000 	C:\WINDOWS\System32\kernel.appcore.dll
0x00007fff3f6e0000 - 0x00007fff3f6ea000 	C:\Program Files\Java\jdk-14.0.2\bin\jimage.dll
0x00007fff2aa20000 - 0x00007fff2ac14000 	C:\WINDOWS\SYSTEM32\DBGHELP.DLL
0x00007fff2a9a0000 - 0x00007fff2a9ca000 	C:\WINDOWS\SYSTEM32\dbgcore.DLL
0x00007fff2b890000 - 0x00007fff2b8b5000 	C:\Program Files\Java\jdk-14.0.2\bin\java.dll
0x00007fff2b800000 - 0x00007fff2b816000 	C:\Program Files\Java\jdk-14.0.2\bin\zip.dll
0x00007fff44ce0000 - 0x00007fff453c7000 	C:\WINDOWS\System32\SHELL32.dll
0x00007fff44700000 - 0x00007fff447a9000 	C:\WINDOWS\System32\shcore.dll
0x00007fff436c0000 - 0x00007fff43e42000 	C:\WINDOWS\System32\windows.storage.dll
0x00007fff42d50000 - 0x00007fff42d73000 	C:\WINDOWS\System32\profapi.dll
0x00007fff42d00000 - 0x00007fff42d4a000 	C:\WINDOWS\System32\powrprof.dll
0x00007fff42cb0000 - 0x00007fff42cc0000 	C:\WINDOWS\System32\UMPDC.dll
0x00007fff44480000 - 0x00007fff444d2000 	C:\WINDOWS\System32\shlwapi.dll
0x00007fff43270000 - 0x00007fff43287000 	C:\WINDOWS\System32\cryptsp.dll
0x00007fff25860000 - 0x00007fff25879000 	C:\Program Files\Java\jdk-14.0.2\bin\net.dll
0x00007fff34de0000 - 0x00007fff34ed0000 	C:\WINDOWS\SYSTEM32\WINHTTP.dll
0x00007fff42510000 - 0x00007fff42577000 	C:\WINDOWS\system32\mswsock.dll
0x00007fff25840000 - 0x00007fff25852000 	C:\Program Files\Java\jdk-14.0.2\bin\nio.dll
0x00007fff3f680000 - 0x00007fff3f690000 	C:\Program Files\Java\jdk-14.0.2\bin\verify.dll
0x00007fff24640000 - 0x00007fff24666000 	C:\Users\RAMONA\.gradle\native\29\windows-amd64\native-platform.dll
0x00007fff3e7d0000 - 0x00007fff3e7d9000 	C:\Program Files\Java\jdk-14.0.2\bin\management.dll
0x00007fff3e2d0000 - 0x00007fff3e2db000 	C:\Program Files\Java\jdk-14.0.2\bin\management_ext.dll
0x00007fff42080000 - 0x00007fff420b3000 	C:\WINDOWS\system32\rsaenh.dll
0x00007fff42ff0000 - 0x00007fff43016000 	C:\WINDOWS\System32\bcrypt.dll
0x00007fff42bd0000 - 0x00007fff42bf5000 	C:\WINDOWS\SYSTEM32\USERENV.dll
0x00007fff426e0000 - 0x00007fff426ec000 	C:\WINDOWS\SYSTEM32\CRYPTBASE.dll
0x00007fff42220000 - 0x00007fff4225a000 	C:\WINDOWS\SYSTEM32\IPHLPAPI.DLL
0x00007fff44690000 - 0x00007fff44698000 	C:\WINDOWS\System32\NSI.dll
0x00007fff3ac50000 - 0x00007fff3ac66000 	C:\WINDOWS\SYSTEM32\dhcpcsvc6.DLL
0x00007fff3aa30000 - 0x00007fff3aa4c000 	C:\WINDOWS\SYSTEM32\dhcpcsvc.DLL
0x00007fff42260000 - 0x00007fff4232b000 	C:\WINDOWS\SYSTEM32\DNSAPI.dll

dbghelp: loaded successfully - version: 4.0.5 - missing functions: none
symbol engine: initialized successfully - sym options: 0x614 - pdb path: .;C:\Program Files\Java\jdk-14.0.2\bin;C:\WINDOWS\SYSTEM32;C:\WINDOWS\WinSxS\amd64_microsoft.windows.common-controls_6595b64144ccf1df_6.0.18362.1016_none_9e7a36bbe461dae4;C:\Program Files\Java\jdk-14.0.2\bin\server;C:\Users\RAMONA\.gradle\native\29\windows-amd64

VM Arguments:
jvm_args: --add-opens=java.base/java.util=ALL-UNNAMED --add-opens=java.base/java.lang=ALL-UNNAMED --add-opens=java.base/java.lang.invoke=ALL-UNNAMED --add-opens=java.prefs/java.util.prefs=ALL-UNNAMED -XX:MaxMetaspaceSize=256m -XX:+HeapDumpOnOutOfMemoryError -Xms256m -Xmx512m -Dfile.encoding=windows-1252 -Duser.country=GB -Duser.language=en -Duser.variant 
java_command: org.gradle.launcher.daemon.bootstrap.GradleDaemon 5.3.1
java_class_path (initial): C:\Users\RAMONA\.gradle\wrapper\dists\gradle-5.3.1-bin\2mv1mot0raqcfrc13vm075008\gradle-5.3.1\lib\gradle-launcher-5.3.1.jar
Launcher Type: SUN_STANDARD

[Global flags]
     intx CICompilerCount                          = 4                                         {product} {ergonomic}
   size_t CompressedClassSpaceSize                 = 260046848                                 {product} {ergonomic}
     uint ConcGCThreads                            = 2                                         {product} {ergonomic}
     uint G1ConcRefinementThreads                  = 8                                         {product} {ergonomic}
   size_t G1HeapRegionSize                         = 1048576                                   {product} {ergonomic}
    uintx GCDrainStackTargetSize                   = 64                                        {product} {ergonomic}
     bool HeapDumpOnOutOfMemoryError               = true                                   {manageable} {command line}
   size_t InitialHeapSize                          = 268435456                                 {product} {command line}
   size_t MarkStackSize                            = 4194304                                   {product} {ergonomic}
   size_t MaxHeapSize                              = 536870912                                 {product} {command line}
   size_t MaxMetaspaceSize                         = 268435456                                 {product} {command line}
   size_t MaxNewSize                               = 321912832                                 {product} {ergonomic}
   size_t MinHeapDeltaBytes                        = 1048576                                   {product} {ergonomic}
   size_t MinHeapSize                              = 268435456                                 {product} {command line}
    uintx NonNMethodCodeHeapSize                   = 5839372                                {pd product} {ergonomic}
    uintx NonProfiledCodeHeapSize                  = 122909434                              {pd product} {ergonomic}
    uintx ProfiledCodeHeapSize                     = 122909434                              {pd product} {ergonomic}
    uintx ReservedCodeCacheSize                    = 251658240                              {pd product} {ergonomic}
     bool SegmentedCodeCache                       = true                                      {product} {ergonomic}
   size_t SoftMaxHeapSize                          = 536870912                              {manageable} {ergonomic}
     bool UseCompressedClassPointers               = true                                 {lp64_product} {ergonomic}
     bool UseCompressedOops                        = true                                 {lp64_product} {ergonomic}
     bool UseG1GC                                  = true                                      {product} {ergonomic}
     bool UseLargePagesIndividualAllocation        = false                                  {pd product} {ergonomic}

Logging:
Log output configuration:
 #0: stdout all=warning uptime,level,tags
 #1: stderr all=off uptime,level,tags

Environment Variables:
JAVA_HOME=C:\Program Files\Java\jdk-14.0.2
CLASSPATH=C:\INTELLIJ_IDEA_PROJECTS\Web Quiz Engine\\gradle\wrapper\gradle-wrapper.jar
PATH=C:\Program Files\Java\jdk-14.0.2\bin;C:\Program Files (x86)\Intel\iCLS Client\;C:\Program Files\Intel\iCLS Client\;C:\Windows\system32;C:\Windows;C:\Windows\System32\Wbem;C:\Windows\System32\WindowsPowerShell\v1.0\;C:\Program Files (x86)\Intel\Intel(R) Management Engine Components\DAL;C:\Program Files\Intel\Intel(R) Management Engine Components\DAL;C:\Program Files (x86)\Intel\Intel(R) Management Engine Components\IPT;C:\Program Files\Intel\Intel(R) Management Engine Components\IPT;C:\WINDOWS\system32;C:\WINDOWS;C:\WINDOWS\System32\Wbem;C:\WINDOWS\System32\WindowsPowerShell\v1.0\;C:\WINDOWS\System32\OpenSSH\;C:\Program Files\Intel\WiFi\bin\;C:\Program Files\Common Files\Intel\WirelessCommon\;C:\Program Files (x86)\NVIDIA Corporation\PhysX\Common;C:\Program Files\apache-maven-3.6.3-bin\apache-maven-3.6.3\bin;C:\Program Files\Git\cmd;C:\Program Files\nodejs\;C:\ProgramData\chocolatey\bin;C:\Program Files\apache-maven-3.6.3-bin\apache-maven-3.6.3\bin;C:\Program Files\Maven\apache-maven-3.6.3\bin;C:\Gradle\gradle-6.5\bin;C:\Program Files\Java\jdk-14.0.2\bin;C:\Users\RAMONA\AppData\Local\Mu\bin;C:\Users\RAMONA\AppData\Local\Microsoft\WindowsApps;C:\Users\RAMONA\Desktop\My IntelliJ\IntelliJ IDEA Community Edition 2020.1.1\bin;C:\Users\RAMONA\AppData\Local\GitHubDesktop\bin;C:\Program Files\JetBrains\PyCharm 2020.1.2\bin;;C:\Program Files\JetBrains\PyCharm Community Edition 2020.1.2\bin;;C:\Program Files\WEBSTORM\WebStorm 2020.1.2\bin;;C:\Users\RAMONA\Desktop\I code\Intellij 06.20\IntelliJ IDEA Community Edition 2020.1.2\bin;;C:\Users\RAMONA\AppData\Roaming\npm;
USERNAME=RAMONA
OS=Windows_NT
PROCESSOR_IDENTIFIER=Intel64 Family 6 Model 142 Stepping 10, GenuineIntel



---------------  S Y S T E M  ---------------

OS: Windows 10 , 64 bit Build 18362 (10.0.18362.959)
OS uptime: 0 days 4:03 hours

CPU:total 8 (initial active 8) (4 cores per cpu, 2 threads per core) family 6 model 142 stepping 10, cmov, cx8, fxsr, mmx, sse, sse2, sse3, ssse3, sse4.1, sse4.2, popcnt, avx, avx2, aes, clmul, erms, 3dnowpref, lzcnt, ht, tsc, tscinvbit, bmi1, bmi2, adx, fma

Memory: 4k page, system-wide physical 8101M (636M free)
TotalPageFile size 32677M (AvailPageFile size 2M)
current process WorkingSet (physical memory assigned to process): 199M, peak: 199M
current process commit charge ("private bytes"): 417M, peak: 417M

vm_info: Java HotSpot(TM) 64-Bit Server VM (14.0.2+12-46) for windows-amd64 JRE (14.0.2+12-46), built on Jul  9 2020 00:35:52 by "mach5one" with MS VC++ 15.9 (VS2017)

END.
